"2020-06-16 00:13:16 [main] INFO  c.s.d.SpringBootJpaDemoApplication -Starting SpringBootJpaDemoApplication on LP-5CD013FRG9 with PID 17924 (C:\Users\prabirkumar.jena\Documents\TrainingWorkspace\SpringBootJPADemo\target\classes started by prabirkumar.jena in C:\Users\prabirkumar.jena\Documents\TrainingWorkspace\SpringBootJPADemo)
""2020-06-16 00:13:16 [main] INFO  c.s.d.SpringBootJpaDemoApplication -No active profile set, falling back to default profiles: default
""2020-06-16 00:13:19 [main] INFO  o.s.d.r.c.RepositoryConfigurationDelegate -Bootstrapping Spring Data repositories in DEFAULT mode.
""2020-06-16 00:13:19 [main] INFO  o.s.d.r.c.RepositoryConfigurationDelegate -Finished Spring Data repository scanning in 148ms. Found 1 repository interfaces.
""2020-06-16 00:13:20 [main] INFO  o.s.c.s.PostProcessorRegistrationDelegate$BeanPostProcessorChecker -Bean 'org.springframework.transaction.annotation.ProxyTransactionManagementConfiguration' of type [org.springframework.transaction.annotation.ProxyTransactionManagementConfiguration$$EnhancerBySpringCGLIB$$81333359] is not eligible for getting processed by all BeanPostProcessors (for example: not eligible for auto-proxying)
""2020-06-16 00:13:21 [main] INFO  o.s.b.w.e.tomcat.TomcatWebServer -Tomcat initialized with port(s): 8007 (http)
""2020-06-16 00:13:21 [main] INFO  o.a.catalina.core.StandardService -Starting service [Tomcat]
""2020-06-16 00:13:21 [main] INFO  o.a.catalina.core.StandardEngine -Starting Servlet engine: [Apache Tomcat/9.0.19]
""2020-06-16 00:13:21 [main] INFO  o.a.c.c.C.[Tomcat].[localhost].[/] -Initializing Spring embedded WebApplicationContext
""2020-06-16 00:13:21 [main] INFO  o.s.web.context.ContextLoader -Root WebApplicationContext: initialization completed in 5411 ms
""2020-06-16 00:13:22 [main] INFO  com.zaxxer.hikari.HikariDataSource -HikariPool-1 - Starting...
""2020-06-16 00:13:23 [main] INFO  com.zaxxer.hikari.HikariDataSource -HikariPool-1 - Start completed.
""2020-06-16 00:13:23 [main] INFO  o.h.jpa.internal.util.LogHelper -HHH000204: Processing PersistenceUnitInfo [
	name: default
	...]
""2020-06-16 00:13:23 [main] INFO  org.hibernate.Version -HHH000412: Hibernate Core {5.3.10.Final}
""2020-06-16 00:13:23 [main] INFO  org.hibernate.cfg.Environment -HHH000206: hibernate.properties not found
""2020-06-16 00:13:24 [main] INFO  o.h.annotations.common.Version -HCANN000001: Hibernate Commons Annotations {5.0.4.Final}
""2020-06-16 00:13:24 [main] INFO  org.hibernate.dialect.Dialect -HHH000400: Using dialect: org.hibernate.dialect.MySQL5Dialect
""2020-06-16 00:13:25 [main] INFO  o.s.o.j.LocalContainerEntityManagerFactoryBean -Initialized JPA EntityManagerFactory for persistence unit 'default'
""2020-06-16 00:13:26 [main] INFO  o.h.h.i.QueryTranslatorFactoryInitiator -HHH000397: Using ASTQueryTranslatorFactory
""2020-06-16 00:13:27 [main] WARN  o.s.b.a.o.j.JpaBaseConfiguration$JpaWebConfiguration$JpaWebMvcConfiguration -spring.jpa.open-in-view is enabled by default. Therefore, database queries may be performed during view rendering. Explicitly configure spring.jpa.open-in-view to disable this warning
""2020-06-16 00:13:27 [main] INFO  s.d.s.w.PropertySourcedRequestMappingHandlerMapping -Mapped URL path [/v2/api-docs] onto method [public org.springframework.http.ResponseEntity<springfox.documentation.spring.web.json.Json> springfox.documentation.swagger2.web.Swagger2Controller.getDocumentation(java.lang.String,javax.servlet.http.HttpServletRequest)]
""2020-06-16 00:13:27 [main] INFO  o.s.s.c.ThreadPoolTaskExecutor -Initializing ExecutorService 'applicationTaskExecutor'
""2020-06-16 00:13:28 [main] INFO  s.d.s.w.p.DocumentationPluginsBootstrapper -Context refreshed
""2020-06-16 00:13:28 [main] INFO  s.d.s.w.p.DocumentationPluginsBootstrapper -Found 1 custom documentation plugin(s)
""2020-06-16 00:13:28 [main] INFO  s.d.s.w.s.ApiListingReferenceScanner -Scanning for api listing references
""2020-06-16 00:13:29 [main] INFO  o.s.b.w.e.tomcat.TomcatWebServer -Tomcat started on port(s): 8007 (http) with context path ''
""2020-06-16 00:13:29 [main] INFO  c.s.d.SpringBootJpaDemoApplication -Started SpringBootJpaDemoApplication in 14.206 seconds (JVM running for 16.265)
""2020-06-16 00:53:32 [http-nio-8007-exec-1] INFO  o.a.c.c.C.[Tomcat].[localhost].[/] -Initializing Spring DispatcherServlet 'dispatcherServlet'
""2020-06-16 00:53:32 [http-nio-8007-exec-1] INFO  o.s.web.servlet.DispatcherServlet -Initializing Servlet 'dispatcherServlet'
""2020-06-16 00:53:32 [http-nio-8007-exec-1] INFO  o.s.web.servlet.DispatcherServlet -Completed initialization in 18 ms
""2020-06-16 00:53:32 [http-nio-8007-exec-1] INFO  c.s.d.controller.EmployeeController -Search a employee by id
""2020-06-16 00:53:32 [http-nio-8007-exec-1] WARN  c.s.d.controller.EmployeeController -Employee id should not be null
"